<?xml version="1.0" encoding="UTF-8"?>
<!-- Generated by org.testng.reporters.JUnitXMLReporter -->
<testsuite ignored="0" hostname="LAPTOP-ML346J3H" failures="2" tests="10" name="Command line test" time="85.907" errors="0" timestamp="2022-07-02T14:42:45 EDT">
  <testcase classname="com.cydeo.test.day10_utiliies_windows.T1_Iframe_CRM_AppreciationTest" name="sendingAppreciationMsg" time="7.627">
    <failure type="org.openqa.selenium.NoSuchElementException" message="no such element: Unable to locate element: {&amp;quot;method&amp;quot;:&amp;quot;xpath&amp;quot;,&amp;quot;selector&amp;quot;:&amp;quot;//span[.=&amp;apos;Appreciation&amp;apos;]&amp;quot;}
  (Session info: chrome=102.0.5005.115)
For documentation on this error, please visit: https://www.seleniumhq.org/exceptions/no_such_element.html
Build info: version: &amp;apos;3.141.59&amp;apos;, revision: &amp;apos;e82be7d358&amp;apos;, time: &amp;apos;2018-11-14T08:17:03&amp;apos;
System info: host: &amp;apos;LAPTOP-ML346J3H&amp;apos;, ip: &amp;apos;192.168.0.57&amp;apos;, os.name: &amp;apos;Windows 10&amp;apos;, os.arch: &amp;apos;amd64&amp;apos;, os.version: &amp;apos;10.0&amp;apos;, java.version: &amp;apos;11.0.12&amp;apos;
Driver info: org.openqa.selenium.chrome.ChromeDriver
Capabilities {acceptInsecureCerts: false, browserName: chrome, browserVersion: 102.0.5005.115, chrome: {chromedriverVersion: 102.0.5005.61 (0e59bcc00cc4..., userDataDir: C:\Users\httop\AppData\Loca...}, goog:chromeOptions: {debuggerAddress: localhost:63016}, javascriptEnabled: true, networkConnectionEnabled: false, pageLoadStrategy: normal, platform: WINDOWS, platformName: WINDOWS, proxy: Proxy(), setWindowRect: true, strictFileInteractability: false, timeouts: {implicit: 0, pageLoad: 300000, script: 30000}, unhandledPromptBehavior: dismiss and notify, webauthn:extension:credBlob: true, webauthn:extension:largeBlob: true, webauthn:virtualAuthenticators: true}
Session ID: 9d78a15007117da738aeac4bb900dc0e
*** Element info: {Using=xpath, value=//span[.=&amp;apos;Appreciation&amp;apos;]}">
      <![CDATA[org.openqa.selenium.NoSuchElementException: no such element: Unable to locate element: {"method":"xpath","selector":"//span[.='Appreciation']"}
  (Session info: chrome=102.0.5005.115)
For documentation on this error, please visit: https://www.seleniumhq.org/exceptions/no_such_element.html
Build info: version: '3.141.59', revision: 'e82be7d358', time: '2018-11-14T08:17:03'
System info: host: 'LAPTOP-ML346J3H', ip: '192.168.0.57', os.name: 'Windows 10', os.arch: 'amd64', os.version: '10.0', java.version: '11.0.12'
Driver info: org.openqa.selenium.chrome.ChromeDriver
Capabilities {acceptInsecureCerts: false, browserName: chrome, browserVersion: 102.0.5005.115, chrome: {chromedriverVersion: 102.0.5005.61 (0e59bcc00cc4..., userDataDir: C:\Users\httop\AppData\Loca...}, goog:chromeOptions: {debuggerAddress: localhost:63016}, javascriptEnabled: true, networkConnectionEnabled: false, pageLoadStrategy: normal, platform: WINDOWS, platformName: WINDOWS, proxy: Proxy(), setWindowRect: true, strictFileInteractability: false, timeouts: {implicit: 0, pageLoad: 300000, script: 30000}, unhandledPromptBehavior: dismiss and notify, webauthn:extension:credBlob: true, webauthn:extension:largeBlob: true, webauthn:virtualAuthenticators: true}
Session ID: 9d78a15007117da738aeac4bb900dc0e
*** Element info: {Using=xpath, value=//span[.='Appreciation']}
at org.openqa.selenium.remote.http.W3CHttpResponseCodec.createException(W3CHttpResponseCodec.java:187)
at org.openqa.selenium.remote.http.W3CHttpResponseCodec.decode(W3CHttpResponseCodec.java:122)
at org.openqa.selenium.remote.http.W3CHttpResponseCodec.decode(W3CHttpResponseCodec.java:49)
at org.openqa.selenium.remote.HttpCommandExecutor.execute(HttpCommandExecutor.java:158)
at org.openqa.selenium.remote.service.DriverCommandExecutor.execute(DriverCommandExecutor.java:83)
at org.openqa.selenium.remote.RemoteWebDriver.execute(RemoteWebDriver.java:552)
at org.openqa.selenium.remote.RemoteWebDriver.findElement(RemoteWebDriver.java:323)
at org.openqa.selenium.remote.RemoteWebDriver.findElementByXPath(RemoteWebDriver.java:428)
at org.openqa.selenium.By$ByXPath.findElement(By.java:353)
at org.openqa.selenium.remote.RemoteWebDriver.findElement(RemoteWebDriver.java:315)
at com.cydeo.test.day10_utiliies_windows.T1_Iframe_CRM_AppreciationTest.sendingAppreciationMsg(T1_Iframe_CRM_AppreciationTest.java:32)
at java.base/java.util.ArrayList.forEach(ArrayList.java:1541)
... Removed 41 stack frames]]>
    </failure>
  </testcase> <!-- sendingAppreciationMsg -->
  <testcase classname="com.cydeo.test.day15_upload_Actions.hoverTest" name="hoverTest" time="20.299"/>
  <testcase classname="com.cydeo.test.day16_javascript_Executer.T1_Guru99_DragAndDrop_Test" name="guru99_DragAndDrop_Test" time="9.384"/>
  <testcase classname="com.cydeo.test.day16_javascript_Executer.T2_actions_Scroll_Test" name="actions_Scroll_Test" time="5.279"/>
  <testcase classname="com.cydeo.test.day17_pom_syncronization.DynamicallyLoadedTest" name="dynamically_Load_Page_7" time="5.384"/>
  <testcase classname="com.cydeo.test.day6_StaleElement_TestNG.TestNG_Intro" name="test1" time="0.0"/>
  <testcase classname="com.cydeo.test.day6_StaleElement_TestNG.TestNG_Intro" name="test2" time="0.0"/>
  <testcase classname="com.cydeo.test.day7_testNG_dropDown_Alert_iFrame.TestNG_Selenium" name="etsyTitle" time="6.931"/>
  <testcase classname="com.cydeo.test.day7_testNG_dropDown_Alert_iFrame.TestNG_Selenium" name="googleTitle" time="4.206">
    <failure type="java.lang.AssertionError" message="Title Verification Test failed expected [Google] but found [google.com]">
      <![CDATA[java.lang.AssertionError: Title Verification Test failed expected [Google] but found [google.com]
at com.cydeo.test.day7_testNG_dropDown_Alert_iFrame.TestNG_Selenium.googleTitle(TestNG_Selenium.java:38)
at java.base/java.util.ArrayList.forEach(ArrayList.java:1541)
... Removed 42 stack frames]]>
    </failure>
  </testcase> <!-- googleTitle -->
  <testcase classname="com.cydeo.test.day7_testNG_dropDown_Alert_iFrame.TestNG_Selenium" name="yahooTitle" time="16.473"/>
</testsuite> <!-- Command line test -->
