<!DOCTYPE html PUBLIC "-//W3C//DTD XHTML 1.1//EN" "https://www.w3.org/TR/xhtml11/DTD/xhtml11.dtd">
<html xmlns="https://www.w3.org/1999/xhtml">
<head>
<meta http-equiv="content-type" content="text/html; charset=UTF-8"/>
<title>TestNG Report</title>
<style type="text/css">table {margin-bottom:10px;border-collapse:collapse;empty-cells:show}th,td {border:1px solid #009;padding:.25em .5em}th {vertical-align:bottom}td {vertical-align:top}table a {font-weight:bold}.stripe td {background-color: #E6EBF9}.num {text-align:right}.passedodd td {background-color: #3F3}.passedeven td {background-color: #0A0}.skippedodd td {background-color: #DDD}.skippedeven td {background-color: #CCC}.failedodd td,.attn {background-color: #F33}.failedeven td,.stripe .attn {background-color: #D00}.stacktrace {white-space:pre;font-family:monospace}.totop {font-size:85%;text-align:center;border-bottom:2px solid #000}.invisible {display:none}</style>
</head>
<body>
<table>
<tr><th>Test</th><th># Passed</th><th># Skipped</th><th># Retried</th><th># Failed</th><th>Time (ms)</th><th>Included Groups</th><th>Excluded Groups</th></tr>
<tr><th colspan="8">Command line suite</th></tr>
<tr><td><a href="#t0">Command line test</a></td><td class="num">8</td><td class="num">0</td><td class="num">0</td><td class="num attn">2</td><td class="num">85,907</td><td></td><td></td></tr>
</table>
<table id='summary'><thead><tr><th>Class</th><th>Method</th><th>Start</th><th>Time (ms)</th></tr></thead><tbody><tr><th colspan="4">Command line suite</th></tr></tbody><tbody id="t0"><tr><th colspan="4">Command line test &#8212; failed</th></tr><tr class="failedeven"><td rowspan="1">com.cydeo.test.day10_utiliies_windows.T1_Iframe_CRM_AppreciationTest</td><td><a href="#m0">sendingAppreciationMsg</a></td><td rowspan="1">1656787283211</td><td rowspan="1">7627</td></tr><tr class="failedodd"><td rowspan="1">com.cydeo.test.day7_testNG_dropDown_Alert_iFrame.TestNG_Selenium</td><td><a href="#m1">googleTitle</a></td><td rowspan="1">1656787342162</td><td rowspan="1">4206</td></tr><tr><th colspan="4">Command line test &#8212; passed</th></tr><tr class="passedeven"><td rowspan="1">com.cydeo.test.day15_upload_Actions.hoverTest</td><td><a href="#m2">hoverTest</a></td><td rowspan="1">1656787291674</td><td rowspan="1">20299</td></tr><tr class="passedodd"><td rowspan="1">com.cydeo.test.day16_javascript_Executer.T1_Guru99_DragAndDrop_Test</td><td><a href="#m3">guru99_DragAndDrop_Test</a></td><td rowspan="1">1656787311973</td><td rowspan="1">9384</td></tr><tr class="passedeven"><td rowspan="1">com.cydeo.test.day16_javascript_Executer.T2_actions_Scroll_Test</td><td><a href="#m4">actions_Scroll_Test</a></td><td rowspan="1">1656787321357</td><td rowspan="1">5279</td></tr><tr class="passedodd"><td rowspan="1">com.cydeo.test.day17_pom_syncronization.DynamicallyLoadedTest</td><td><a href="#m5">dynamically_Load_Page_7</a></td><td rowspan="1">1656787326636</td><td rowspan="1">5384</td></tr><tr class="passedeven"><td rowspan="2">com.cydeo.test.day6_StaleElement_TestNG.TestNG_Intro</td><td><a href="#m6">test1</a></td><td rowspan="1">1656787332020</td><td rowspan="1">0</td></tr><tr class="passedeven"><td><a href="#m7">test2</a></td><td rowspan="1">1656787332031</td><td rowspan="1">0</td></tr><tr class="passedodd"><td rowspan="2">com.cydeo.test.day7_testNG_dropDown_Alert_iFrame.TestNG_Selenium</td><td><a href="#m8">etsyTitle</a></td><td rowspan="1">1656787333290</td><td rowspan="1">6931</td></tr><tr class="passedodd"><td><a href="#m9">yahooTitle</a></td><td rowspan="1">1656787348249</td><td rowspan="1">16473</td></tr></tbody>
</table>
<h2>Command line test</h2><h3 id="m0">com.cydeo.test.day10_utiliies_windows.T1_Iframe_CRM_AppreciationTest#sendingAppreciationMsg</h3><table class="result"><tr><th>Exception</th></tr><tr><td><div class="stacktrace">org.openqa.selenium.NoSuchElementException: no such element: Unable to locate element: {&quot;method&quot;:&quot;xpath&quot;,&quot;selector&quot;:&quot;//span[.=&apos;Appreciation&apos;]&quot;}
  (Session info: chrome=102.0.5005.115)
For documentation on this error, please visit: https://www.seleniumhq.org/exceptions/no_such_element.html
Build info: version: &apos;3.141.59&apos;, revision: &apos;e82be7d358&apos;, time: &apos;2018-11-14T08:17:03&apos;
System info: host: &apos;LAPTOP-ML346J3H&apos;, ip: &apos;192.168.0.57&apos;, os.name: &apos;Windows 10&apos;, os.arch: &apos;amd64&apos;, os.version: &apos;10.0&apos;, java.version: &apos;11.0.12&apos;
Driver info: org.openqa.selenium.chrome.ChromeDriver
Capabilities {acceptInsecureCerts: false, browserName: chrome, browserVersion: 102.0.5005.115, chrome: {chromedriverVersion: 102.0.5005.61 (0e59bcc00cc4..., userDataDir: C:\Users\httop\AppData\Loca...}, goog:chromeOptions: {debuggerAddress: localhost:63016}, javascriptEnabled: true, networkConnectionEnabled: false, pageLoadStrategy: normal, platform: WINDOWS, platformName: WINDOWS, proxy: Proxy(), setWindowRect: true, strictFileInteractability: false, timeouts: {implicit: 0, pageLoad: 300000, script: 30000}, unhandledPromptBehavior: dismiss and notify, webauthn:extension:credBlob: true, webauthn:extension:largeBlob: true, webauthn:virtualAuthenticators: true}
Session ID: 9d78a15007117da738aeac4bb900dc0e
*** Element info: {Using=xpath, value=//span[.=&apos;Appreciation&apos;]}
	at org.openqa.selenium.remote.http.W3CHttpResponseCodec.createException(W3CHttpResponseCodec.java:187)
	at org.openqa.selenium.remote.http.W3CHttpResponseCodec.decode(W3CHttpResponseCodec.java:122)
	at org.openqa.selenium.remote.http.W3CHttpResponseCodec.decode(W3CHttpResponseCodec.java:49)
	at org.openqa.selenium.remote.HttpCommandExecutor.execute(HttpCommandExecutor.java:158)
	at org.openqa.selenium.remote.service.DriverCommandExecutor.execute(DriverCommandExecutor.java:83)
	at org.openqa.selenium.remote.RemoteWebDriver.execute(RemoteWebDriver.java:552)
	at org.openqa.selenium.remote.RemoteWebDriver.findElement(RemoteWebDriver.java:323)
	at org.openqa.selenium.remote.RemoteWebDriver.findElementByXPath(RemoteWebDriver.java:428)
	at org.openqa.selenium.By$ByXPath.findElement(By.java:353)
	at org.openqa.selenium.remote.RemoteWebDriver.findElement(RemoteWebDriver.java:315)
	at com.cydeo.test.day10_utiliies_windows.T1_Iframe_CRM_AppreciationTest.sendingAppreciationMsg(T1_Iframe_CRM_AppreciationTest.java:32)
	at java.base/java.util.ArrayList.forEach(ArrayList.java:1541)
... Removed 41 stack frames</div></td></tr></table><p class="totop"><a href="#summary">back to summary</a></p>
<h3 id="m1">com.cydeo.test.day7_testNG_dropDown_Alert_iFrame.TestNG_Selenium#googleTitle</h3><table class="result"><tr><th>Exception</th></tr><tr><td><div class="stacktrace">java.lang.AssertionError: Title Verification Test failed expected [Google] but found [google.com]
	at com.cydeo.test.day7_testNG_dropDown_Alert_iFrame.TestNG_Selenium.googleTitle(TestNG_Selenium.java:38)
	at java.base/java.util.ArrayList.forEach(ArrayList.java:1541)
... Removed 42 stack frames</div></td></tr></table><p class="totop"><a href="#summary">back to summary</a></p>
<h3 id="m2">com.cydeo.test.day15_upload_Actions.hoverTest#hoverTest</h3><table class="result"><tr><th class="invisible"/></tr></table><p class="totop"><a href="#summary">back to summary</a></p>
<h3 id="m3">com.cydeo.test.day16_javascript_Executer.T1_Guru99_DragAndDrop_Test#guru99_DragAndDrop_Test</h3><table class="result"><tr><th class="invisible"/></tr></table><p class="totop"><a href="#summary">back to summary</a></p>
<h3 id="m4">com.cydeo.test.day16_javascript_Executer.T2_actions_Scroll_Test#actions_Scroll_Test</h3><table class="result"><tr><th class="invisible"/></tr></table><p class="totop"><a href="#summary">back to summary</a></p>
<h3 id="m5">com.cydeo.test.day17_pom_syncronization.DynamicallyLoadedTest#dynamically_Load_Page_7</h3><table class="result"><tr><th class="invisible"/></tr></table><p class="totop"><a href="#summary">back to summary</a></p>
<h3 id="m6">com.cydeo.test.day6_StaleElement_TestNG.TestNG_Intro#test1</h3><table class="result"><tr><th class="invisible"/></tr></table><p class="totop"><a href="#summary">back to summary</a></p>
<h3 id="m7">com.cydeo.test.day6_StaleElement_TestNG.TestNG_Intro#test2</h3><table class="result"><tr><th class="invisible"/></tr></table><p class="totop"><a href="#summary">back to summary</a></p>
<h3 id="m8">com.cydeo.test.day7_testNG_dropDown_Alert_iFrame.TestNG_Selenium#etsyTitle</h3><table class="result"><tr><th class="invisible"/></tr></table><p class="totop"><a href="#summary">back to summary</a></p>
<h3 id="m9">com.cydeo.test.day7_testNG_dropDown_Alert_iFrame.TestNG_Selenium#yahooTitle</h3><table class="result"><tr><th class="invisible"/></tr></table><p class="totop"><a href="#summary">back to summary</a></p>
</body>
</html>
