<?xml version="1.0" encoding="UTF-8"?>
<testng-results ignored="0" total="10" passed="8" failed="2" skipped="0">
  <reporter-output>
  </reporter-output>
  <suite started-at="2022-07-02T14:41:19 EDT" name="Command line suite" finished-at="2022-07-02T14:42:45 EDT" duration-ms="85907">
    <groups>
    </groups>
    <test started-at="2022-07-02T14:41:19 EDT" name="Command line test" finished-at="2022-07-02T14:42:45 EDT" duration-ms="85907">
      <class name="com.cydeo.test.day17_pom_syncronization.DynamicallyLoadedTest">
        <test-method signature="dynamically_Load_Page_7()[pri:0, instance:com.cydeo.test.day17_pom_syncronization.DynamicallyLoadedTest@74235045]" started-at="2022-07-02T14:42:06 EDT" name="dynamically_Load_Page_7" finished-at="2022-07-02T14:42:12 EDT" duration-ms="5384" status="PASS">
          <reporter-output>
          </reporter-output>
        </test-method> <!-- dynamically_Load_Page_7 -->
      </class> <!-- com.cydeo.test.day17_pom_syncronization.DynamicallyLoadedTest -->
      <class name="com.cydeo.test.day6_StaleElement_TestNG.TestNG_Intro">
        <test-method signature="test1()[pri:2, instance:com.cydeo.test.day6_StaleElement_TestNG.TestNG_Intro@30c15d8b]" started-at="2022-07-02T14:42:12 EDT" name="test1" finished-at="2022-07-02T14:42:12 EDT" duration-ms="0" status="PASS">
          <reporter-output>
          </reporter-output>
        </test-method> <!-- test1 -->
        <test-method is-config="true" signature="setUpMethod()[pri:0, instance:com.cydeo.test.day6_StaleElement_TestNG.TestNG_Intro@30c15d8b]" started-at="2022-07-02T14:42:12 EDT" name="setUpMethod" finished-at="2022-07-02T14:42:12 EDT" duration-ms="0" status="PASS">
          <reporter-output>
          </reporter-output>
        </test-method> <!-- setUpMethod -->
        <test-method is-config="true" signature="tearDownMethod()[pri:0, instance:com.cydeo.test.day6_StaleElement_TestNG.TestNG_Intro@30c15d8b]" started-at="2022-07-02T14:42:12 EDT" name="tearDownMethod" finished-at="2022-07-02T14:42:12 EDT" duration-ms="0" status="PASS">
          <reporter-output>
          </reporter-output>
        </test-method> <!-- tearDownMethod -->
        <test-method is-config="true" signature="setUp()[pri:0, instance:com.cydeo.test.day6_StaleElement_TestNG.TestNG_Intro@30c15d8b]" started-at="2022-07-02T14:42:12 EDT" name="setUp" finished-at="2022-07-02T14:42:12 EDT" duration-ms="0" status="PASS">
          <reporter-output>
          </reporter-output>
        </test-method> <!-- setUp -->
        <test-method is-config="true" signature="setUpMethod()[pri:0, instance:com.cydeo.test.day6_StaleElement_TestNG.TestNG_Intro@30c15d8b]" started-at="2022-07-02T14:42:12 EDT" name="setUpMethod" finished-at="2022-07-02T14:42:12 EDT" duration-ms="2" status="PASS">
          <reporter-output>
          </reporter-output>
        </test-method> <!-- setUpMethod -->
        <test-method signature="test2()[pri:1, instance:com.cydeo.test.day6_StaleElement_TestNG.TestNG_Intro@30c15d8b]" started-at="2022-07-02T14:42:12 EDT" name="test2" finished-at="2022-07-02T14:42:12 EDT" depends-on-methods="com.cydeo.test.day6_StaleElement_TestNG.TestNG_Intro.test1" duration-ms="0" status="PASS">
          <reporter-output>
          </reporter-output>
        </test-method> <!-- test2 -->
        <test-method is-config="true" signature="tearDown()[pri:0, instance:com.cydeo.test.day6_StaleElement_TestNG.TestNG_Intro@30c15d8b]" started-at="2022-07-02T14:42:12 EDT" name="tearDown" finished-at="2022-07-02T14:42:12 EDT" duration-ms="0" status="PASS">
          <reporter-output>
          </reporter-output>
        </test-method> <!-- tearDown -->
        <test-method is-config="true" signature="tearDownMethod()[pri:0, instance:com.cydeo.test.day6_StaleElement_TestNG.TestNG_Intro@30c15d8b]" started-at="2022-07-02T14:42:12 EDT" name="tearDownMethod" finished-at="2022-07-02T14:42:12 EDT" duration-ms="0" status="PASS">
          <reporter-output>
          </reporter-output>
        </test-method> <!-- tearDownMethod -->
      </class> <!-- com.cydeo.test.day6_StaleElement_TestNG.TestNG_Intro -->
      <class name="com.cydeo.test.day16_javascript_Executer.T1_Guru99_DragAndDrop_Test">
        <test-method signature="guru99_DragAndDrop_Test()[pri:0, instance:com.cydeo.test.day16_javascript_Executer.T1_Guru99_DragAndDrop_Test@443118b0]" started-at="2022-07-02T14:41:51 EDT" name="guru99_DragAndDrop_Test" finished-at="2022-07-02T14:42:01 EDT" duration-ms="9384" status="PASS">
          <reporter-output>
          </reporter-output>
        </test-method> <!-- guru99_DragAndDrop_Test -->
      </class> <!-- com.cydeo.test.day16_javascript_Executer.T1_Guru99_DragAndDrop_Test -->
      <class name="com.cydeo.test.day10_utiliies_windows.T1_Iframe_CRM_AppreciationTest">
        <test-method is-config="true" signature="setUpMethod()[pri:0, instance:com.cydeo.test.day10_utiliies_windows.T1_Iframe_CRM_AppreciationTest@639c2c1d]" started-at="2022-07-02T14:41:19 EDT" name="setUpMethod" finished-at="2022-07-02T14:41:23 EDT" duration-ms="3674" status="PASS">
          <reporter-output>
          </reporter-output>
        </test-method> <!-- setUpMethod -->
        <test-method signature="sendingAppreciationMsg()[pri:0, instance:com.cydeo.test.day10_utiliies_windows.T1_Iframe_CRM_AppreciationTest@639c2c1d]" started-at="2022-07-02T14:41:23 EDT" name="sendingAppreciationMsg" finished-at="2022-07-02T14:41:30 EDT" duration-ms="7627" status="FAIL">
          <exception class="org.openqa.selenium.NoSuchElementException">
            <message>
              <![CDATA[no such element: Unable to locate element: {"method":"xpath","selector":"//span[.='Appreciation']"}
  (Session info: chrome=102.0.5005.115)
For documentation on this error, please visit: https://www.seleniumhq.org/exceptions/no_such_element.html
Build info: version: '3.141.59', revision: 'e82be7d358', time: '2018-11-14T08:17:03'
System info: host: 'LAPTOP-ML346J3H', ip: '192.168.0.57', os.name: 'Windows 10', os.arch: 'amd64', os.version: '10.0', java.version: '11.0.12'
Driver info: org.openqa.selenium.chrome.ChromeDriver
Capabilities {acceptInsecureCerts: false, browserName: chrome, browserVersion: 102.0.5005.115, chrome: {chromedriverVersion: 102.0.5005.61 (0e59bcc00cc4..., userDataDir: C:\Users\httop\AppData\Loca...}, goog:chromeOptions: {debuggerAddress: localhost:63016}, javascriptEnabled: true, networkConnectionEnabled: false, pageLoadStrategy: normal, platform: WINDOWS, platformName: WINDOWS, proxy: Proxy(), setWindowRect: true, strictFileInteractability: false, timeouts: {implicit: 0, pageLoad: 300000, script: 30000}, unhandledPromptBehavior: dismiss and notify, webauthn:extension:credBlob: true, webauthn:extension:largeBlob: true, webauthn:virtualAuthenticators: true}
Session ID: 9d78a15007117da738aeac4bb900dc0e
*** Element info: {Using=xpath, value=//span[.='Appreciation']}]]>
            </message>
            <full-stacktrace>
              <![CDATA[org.openqa.selenium.NoSuchElementException: no such element: Unable to locate element: {"method":"xpath","selector":"//span[.='Appreciation']"}
  (Session info: chrome=102.0.5005.115)
For documentation on this error, please visit: https://www.seleniumhq.org/exceptions/no_such_element.html
Build info: version: '3.141.59', revision: 'e82be7d358', time: '2018-11-14T08:17:03'
System info: host: 'LAPTOP-ML346J3H', ip: '192.168.0.57', os.name: 'Windows 10', os.arch: 'amd64', os.version: '10.0', java.version: '11.0.12'
Driver info: org.openqa.selenium.chrome.ChromeDriver
Capabilities {acceptInsecureCerts: false, browserName: chrome, browserVersion: 102.0.5005.115, chrome: {chromedriverVersion: 102.0.5005.61 (0e59bcc00cc4..., userDataDir: C:\Users\httop\AppData\Loca...}, goog:chromeOptions: {debuggerAddress: localhost:63016}, javascriptEnabled: true, networkConnectionEnabled: false, pageLoadStrategy: normal, platform: WINDOWS, platformName: WINDOWS, proxy: Proxy(), setWindowRect: true, strictFileInteractability: false, timeouts: {implicit: 0, pageLoad: 300000, script: 30000}, unhandledPromptBehavior: dismiss and notify, webauthn:extension:credBlob: true, webauthn:extension:largeBlob: true, webauthn:virtualAuthenticators: true}
Session ID: 9d78a15007117da738aeac4bb900dc0e
*** Element info: {Using=xpath, value=//span[.='Appreciation']}
at java.base/jdk.internal.reflect.NativeConstructorAccessorImpl.newInstance0(Native Method)
at java.base/jdk.internal.reflect.NativeConstructorAccessorImpl.newInstance(NativeConstructorAccessorImpl.java:62)
at java.base/jdk.internal.reflect.DelegatingConstructorAccessorImpl.newInstance(DelegatingConstructorAccessorImpl.java:45)
at java.base/java.lang.reflect.Constructor.newInstance(Constructor.java:490)
at org.openqa.selenium.remote.http.W3CHttpResponseCodec.createException(W3CHttpResponseCodec.java:187)
at org.openqa.selenium.remote.http.W3CHttpResponseCodec.decode(W3CHttpResponseCodec.java:122)
at org.openqa.selenium.remote.http.W3CHttpResponseCodec.decode(W3CHttpResponseCodec.java:49)
at org.openqa.selenium.remote.HttpCommandExecutor.execute(HttpCommandExecutor.java:158)
at org.openqa.selenium.remote.service.DriverCommandExecutor.execute(DriverCommandExecutor.java:83)
at org.openqa.selenium.remote.RemoteWebDriver.execute(RemoteWebDriver.java:552)
at org.openqa.selenium.remote.RemoteWebDriver.findElement(RemoteWebDriver.java:323)
at org.openqa.selenium.remote.RemoteWebDriver.findElementByXPath(RemoteWebDriver.java:428)
at org.openqa.selenium.By$ByXPath.findElement(By.java:353)
at org.openqa.selenium.remote.RemoteWebDriver.findElement(RemoteWebDriver.java:315)
at com.cydeo.test.day10_utiliies_windows.T1_Iframe_CRM_AppreciationTest.sendingAppreciationMsg(T1_Iframe_CRM_AppreciationTest.java:32)
at java.base/jdk.internal.reflect.NativeMethodAccessorImpl.invoke0(Native Method)
at java.base/jdk.internal.reflect.NativeMethodAccessorImpl.invoke(NativeMethodAccessorImpl.java:62)
at java.base/jdk.internal.reflect.DelegatingMethodAccessorImpl.invoke(DelegatingMethodAccessorImpl.java:43)
at java.base/java.lang.reflect.Method.invoke(Method.java:566)
at org.testng.internal.invokers.MethodInvocationHelper.invokeMethod(MethodInvocationHelper.java:135)
at org.testng.internal.invokers.TestInvoker.invokeMethod(TestInvoker.java:673)
at org.testng.internal.invokers.TestInvoker.invokeTestMethod(TestInvoker.java:220)
at org.testng.internal.invokers.MethodRunner.runInSequence(MethodRunner.java:50)
at org.testng.internal.invokers.TestInvoker$MethodInvocationAgent.invoke(TestInvoker.java:945)
at org.testng.internal.invokers.TestInvoker.invokeTestMethods(TestInvoker.java:193)
at org.testng.internal.invokers.TestMethodWorker.invokeTestMethods(TestMethodWorker.java:146)
at org.testng.internal.invokers.TestMethodWorker.run(TestMethodWorker.java:128)
at java.base/java.util.ArrayList.forEach(ArrayList.java:1541)
at org.testng.TestRunner.privateRun(TestRunner.java:808)
at org.testng.TestRunner.run(TestRunner.java:603)
at org.testng.SuiteRunner.runTest(SuiteRunner.java:429)
at org.testng.SuiteRunner.runSequentially(SuiteRunner.java:423)
at org.testng.SuiteRunner.privateRun(SuiteRunner.java:383)
at org.testng.SuiteRunner.run(SuiteRunner.java:326)
at org.testng.SuiteRunnerWorker.runSuite(SuiteRunnerWorker.java:52)
at org.testng.SuiteRunnerWorker.run(SuiteRunnerWorker.java:95)
at org.testng.TestNG.runSuitesSequentially(TestNG.java:1249)
at org.testng.TestNG.runSuitesLocally(TestNG.java:1169)
at org.testng.TestNG.runSuites(TestNG.java:1092)
at org.testng.TestNG.run(TestNG.java:1060)
at org.apache.maven.surefire.testng.TestNGExecutor.run(TestNGExecutor.java:77)
at org.apache.maven.surefire.testng.TestNGDirectoryTestSuite.executeMulti(TestNGDirectoryTestSuite.java:159)
at org.apache.maven.surefire.testng.TestNGDirectoryTestSuite.execute(TestNGDirectoryTestSuite.java:99)
at org.apache.maven.surefire.testng.TestNGProvider.invoke(TestNGProvider.java:106)
at java.base/jdk.internal.reflect.NativeMethodAccessorImpl.invoke0(Native Method)
at java.base/jdk.internal.reflect.NativeMethodAccessorImpl.invoke(NativeMethodAccessorImpl.java:62)
at java.base/jdk.internal.reflect.DelegatingMethodAccessorImpl.invoke(DelegatingMethodAccessorImpl.java:43)
at java.base/java.lang.reflect.Method.invoke(Method.java:566)
at org.apache.maven.surefire.util.ReflectionUtils.invokeMethodWithArray(ReflectionUtils.java:189)
at org.apache.maven.surefire.booter.ProviderFactory$ProviderProxy.invoke(ProviderFactory.java:165)
at org.apache.maven.surefire.booter.ProviderFactory.invokeProvider(ProviderFactory.java:85)
at org.apache.maven.surefire.booter.ForkedBooter.runSuitesInProcess(ForkedBooter.java:115)
at org.apache.maven.surefire.booter.ForkedBooter.main(ForkedBooter.java:75)
]]>
            </full-stacktrace>
          </exception> <!-- org.openqa.selenium.NoSuchElementException -->
          <reporter-output>
          </reporter-output>
        </test-method> <!-- sendingAppreciationMsg -->
        <test-method is-config="true" signature="tearDown()[pri:0, instance:com.cydeo.test.day10_utiliies_windows.T1_Iframe_CRM_AppreciationTest@639c2c1d]" started-at="2022-07-02T14:41:30 EDT" name="tearDown" finished-at="2022-07-02T14:41:31 EDT" duration-ms="827" status="PASS">
          <reporter-output>
          </reporter-output>
        </test-method> <!-- tearDown -->
      </class> <!-- com.cydeo.test.day10_utiliies_windows.T1_Iframe_CRM_AppreciationTest -->
      <class name="com.cydeo.test.day16_javascript_Executer.T2_actions_Scroll_Test">
        <test-method signature="actions_Scroll_Test()[pri:0, instance:com.cydeo.test.day16_javascript_Executer.T2_actions_Scroll_Test@765d7657]" started-at="2022-07-02T14:42:01 EDT" name="actions_Scroll_Test" finished-at="2022-07-02T14:42:06 EDT" duration-ms="5279" status="PASS">
          <reporter-output>
          </reporter-output>
        </test-method> <!-- actions_Scroll_Test -->
      </class> <!-- com.cydeo.test.day16_javascript_Executer.T2_actions_Scroll_Test -->
      <class name="com.cydeo.test.day7_testNG_dropDown_Alert_iFrame.TestNG_Selenium">
        <test-method is-config="true" signature="setUpMethod()[pri:0, instance:com.cydeo.test.day7_testNG_dropDown_Alert_iFrame.TestNG_Selenium@5e0e82ae]" started-at="2022-07-02T14:42:12 EDT" name="setUpMethod" finished-at="2022-07-02T14:42:13 EDT" duration-ms="1258" status="PASS">
          <reporter-output>
          </reporter-output>
        </test-method> <!-- setUpMethod -->
        <test-method signature="etsyTitle()[pri:0, instance:com.cydeo.test.day7_testNG_dropDown_Alert_iFrame.TestNG_Selenium@5e0e82ae]" started-at="2022-07-02T14:42:13 EDT" name="etsyTitle" finished-at="2022-07-02T14:42:20 EDT" duration-ms="6931" status="PASS">
          <reporter-output>
          </reporter-output>
        </test-method> <!-- etsyTitle -->
        <test-method is-config="true" signature="tearDown()[pri:0, instance:com.cydeo.test.day7_testNG_dropDown_Alert_iFrame.TestNG_Selenium@5e0e82ae]" started-at="2022-07-02T14:42:20 EDT" name="tearDown" finished-at="2022-07-02T14:42:20 EDT" duration-ms="700" status="PASS">
          <reporter-output>
          </reporter-output>
        </test-method> <!-- tearDown -->
        <test-method is-config="true" signature="setUpMethod()[pri:0, instance:com.cydeo.test.day7_testNG_dropDown_Alert_iFrame.TestNG_Selenium@5e0e82ae]" started-at="2022-07-02T14:42:20 EDT" name="setUpMethod" finished-at="2022-07-02T14:42:22 EDT" duration-ms="1240" status="PASS">
          <reporter-output>
          </reporter-output>
        </test-method> <!-- setUpMethod -->
        <test-method signature="googleTitle()[pri:0, instance:com.cydeo.test.day7_testNG_dropDown_Alert_iFrame.TestNG_Selenium@5e0e82ae]" started-at="2022-07-02T14:42:22 EDT" name="googleTitle" finished-at="2022-07-02T14:42:26 EDT" duration-ms="4206" status="FAIL">
          <exception class="java.lang.AssertionError">
            <message>
              <![CDATA[Title Verification Test failed expected [Google] but found [google.com]]]>
            </message>
            <full-stacktrace>
              <![CDATA[java.lang.AssertionError: Title Verification Test failed expected [Google] but found [google.com]
at org.testng.Assert.fail(Assert.java:110)
at org.testng.Assert.failNotEquals(Assert.java:1413)
at org.testng.Assert.assertEqualsImpl(Assert.java:149)
at org.testng.Assert.assertEquals(Assert.java:131)
at org.testng.Assert.assertEquals(Assert.java:655)
at com.cydeo.test.day7_testNG_dropDown_Alert_iFrame.TestNG_Selenium.googleTitle(TestNG_Selenium.java:38)
at java.base/jdk.internal.reflect.NativeMethodAccessorImpl.invoke0(Native Method)
at java.base/jdk.internal.reflect.NativeMethodAccessorImpl.invoke(NativeMethodAccessorImpl.java:62)
at java.base/jdk.internal.reflect.DelegatingMethodAccessorImpl.invoke(DelegatingMethodAccessorImpl.java:43)
at java.base/java.lang.reflect.Method.invoke(Method.java:566)
at org.testng.internal.invokers.MethodInvocationHelper.invokeMethod(MethodInvocationHelper.java:135)
at org.testng.internal.invokers.TestInvoker.invokeMethod(TestInvoker.java:673)
at org.testng.internal.invokers.TestInvoker.invokeTestMethod(TestInvoker.java:220)
at org.testng.internal.invokers.MethodRunner.runInSequence(MethodRunner.java:50)
at org.testng.internal.invokers.TestInvoker$MethodInvocationAgent.invoke(TestInvoker.java:945)
at org.testng.internal.invokers.TestInvoker.invokeTestMethods(TestInvoker.java:193)
at org.testng.internal.invokers.TestMethodWorker.invokeTestMethods(TestMethodWorker.java:146)
at org.testng.internal.invokers.TestMethodWorker.run(TestMethodWorker.java:128)
at java.base/java.util.ArrayList.forEach(ArrayList.java:1541)
at org.testng.TestRunner.privateRun(TestRunner.java:808)
at org.testng.TestRunner.run(TestRunner.java:603)
at org.testng.SuiteRunner.runTest(SuiteRunner.java:429)
at org.testng.SuiteRunner.runSequentially(SuiteRunner.java:423)
at org.testng.SuiteRunner.privateRun(SuiteRunner.java:383)
at org.testng.SuiteRunner.run(SuiteRunner.java:326)
at org.testng.SuiteRunnerWorker.runSuite(SuiteRunnerWorker.java:52)
at org.testng.SuiteRunnerWorker.run(SuiteRunnerWorker.java:95)
at org.testng.TestNG.runSuitesSequentially(TestNG.java:1249)
at org.testng.TestNG.runSuitesLocally(TestNG.java:1169)
at org.testng.TestNG.runSuites(TestNG.java:1092)
at org.testng.TestNG.run(TestNG.java:1060)
at org.apache.maven.surefire.testng.TestNGExecutor.run(TestNGExecutor.java:77)
at org.apache.maven.surefire.testng.TestNGDirectoryTestSuite.executeMulti(TestNGDirectoryTestSuite.java:159)
at org.apache.maven.surefire.testng.TestNGDirectoryTestSuite.execute(TestNGDirectoryTestSuite.java:99)
at org.apache.maven.surefire.testng.TestNGProvider.invoke(TestNGProvider.java:106)
at java.base/jdk.internal.reflect.NativeMethodAccessorImpl.invoke0(Native Method)
at java.base/jdk.internal.reflect.NativeMethodAccessorImpl.invoke(NativeMethodAccessorImpl.java:62)
at java.base/jdk.internal.reflect.DelegatingMethodAccessorImpl.invoke(DelegatingMethodAccessorImpl.java:43)
at java.base/java.lang.reflect.Method.invoke(Method.java:566)
at org.apache.maven.surefire.util.ReflectionUtils.invokeMethodWithArray(ReflectionUtils.java:189)
at org.apache.maven.surefire.booter.ProviderFactory$ProviderProxy.invoke(ProviderFactory.java:165)
at org.apache.maven.surefire.booter.ProviderFactory.invokeProvider(ProviderFactory.java:85)
at org.apache.maven.surefire.booter.ForkedBooter.runSuitesInProcess(ForkedBooter.java:115)
at org.apache.maven.surefire.booter.ForkedBooter.main(ForkedBooter.java:75)
]]>
            </full-stacktrace>
          </exception> <!-- java.lang.AssertionError -->
          <reporter-output>
          </reporter-output>
        </test-method> <!-- googleTitle -->
        <test-method is-config="true" signature="tearDown()[pri:0, instance:com.cydeo.test.day7_testNG_dropDown_Alert_iFrame.TestNG_Selenium@5e0e82ae]" started-at="2022-07-02T14:42:26 EDT" name="tearDown" finished-at="2022-07-02T14:42:27 EDT" duration-ms="633" status="PASS">
          <reporter-output>
          </reporter-output>
        </test-method> <!-- tearDown -->
        <test-method is-config="true" signature="setUpMethod()[pri:0, instance:com.cydeo.test.day7_testNG_dropDown_Alert_iFrame.TestNG_Selenium@5e0e82ae]" started-at="2022-07-02T14:42:27 EDT" name="setUpMethod" finished-at="2022-07-02T14:42:28 EDT" duration-ms="1247" status="PASS">
          <reporter-output>
          </reporter-output>
        </test-method> <!-- setUpMethod -->
        <test-method signature="yahooTitle()[pri:0, instance:com.cydeo.test.day7_testNG_dropDown_Alert_iFrame.TestNG_Selenium@5e0e82ae]" started-at="2022-07-02T14:42:28 EDT" name="yahooTitle" finished-at="2022-07-02T14:42:44 EDT" duration-ms="16473" status="PASS">
          <reporter-output>
          </reporter-output>
        </test-method> <!-- yahooTitle -->
        <test-method is-config="true" signature="tearDown()[pri:0, instance:com.cydeo.test.day7_testNG_dropDown_Alert_iFrame.TestNG_Selenium@5e0e82ae]" started-at="2022-07-02T14:42:44 EDT" name="tearDown" finished-at="2022-07-02T14:42:45 EDT" duration-ms="697" status="PASS">
          <reporter-output>
          </reporter-output>
        </test-method> <!-- tearDown -->
      </class> <!-- com.cydeo.test.day7_testNG_dropDown_Alert_iFrame.TestNG_Selenium -->
      <class name="com.cydeo.test.day15_upload_Actions.hoverTest">
        <test-method signature="hoverTest()[pri:0, instance:com.cydeo.test.day15_upload_Actions.hoverTest@5fe94a96]" started-at="2022-07-02T14:41:31 EDT" name="hoverTest" finished-at="2022-07-02T14:41:51 EDT" duration-ms="20299" status="PASS">
          <reporter-output>
          </reporter-output>
        </test-method> <!-- hoverTest -->
      </class> <!-- com.cydeo.test.day15_upload_Actions.hoverTest -->
    </test> <!-- Command line test -->
  </suite> <!-- Command line suite -->
</testng-results>
